<?xml version="1.0" encoding="UTF-8"?>
<testng-results ignored="0" total="1" passed="1" failed="0" skipped="0">
  <reporter-output>
  </reporter-output>
  <suite started-at="2023-05-31T02:43:21Z" name="Default suite" finished-at="2023-05-31T02:43:29Z" duration-ms="7629">
    <groups>
    </groups>
    <test started-at="2023-05-31T02:43:21Z" name="Default test" finished-at="2023-05-31T02:43:29Z" duration-ms="7629">
      <class name="Day15.TestNGDriver">
        <test-method is-config="true" signature="intilize()[pri:0, instance:Day15.TestNGDriver@402c4085]" started-at="2023-05-31T02:43:21Z" name="intilize" finished-at="2023-05-31T02:43:25Z" duration-ms="4079" status="PASS">
          <reporter-output>
          </reporter-output>
        </test-method> <!-- intilize -->
        <test-method signature="login()[pri:0, instance:Day15.TestNGDriver@402c4085]" started-at="2023-05-31T02:43:26Z" name="login" finished-at="2023-05-31T02:43:29Z" duration-ms="3309" status="PASS">
          <reporter-output>
          </reporter-output>
        </test-method> <!-- login -->
        <test-method is-config="true" signature="teardown()[pri:0, instance:Day15.TestNGDriver@402c4085]" started-at="2023-05-31T02:43:29Z" name="teardown" finished-at="2023-05-31T02:43:29Z" duration-ms="194" status="PASS">
          <reporter-output>
          </reporter-output>
        </test-method> <!-- teardown -->
      </class> <!-- Day15.TestNGDriver -->
    </test> <!-- Default test -->
  </suite> <!-- Default suite -->
</testng-results>
